0 info it worked if it ends with ok
1 verbose cli [ '/home/user/.nvm/versions/node/v6.8.1/bin/node',
1 verbose cli   '/home/user/.nvm/versions/node/v6.8.1/bin/npm',
1 verbose cli   'run',
1 verbose cli   'build-front' ]
2 info using npm@3.3.12
3 info using node@v6.8.1
4 verbose run-script [ 'prebuild-front', 'build-front', 'postbuild-front' ]
5 info lifecycle capi@1.0.0~prebuild-front: capi@1.0.0
6 silly lifecycle capi@1.0.0~prebuild-front: no script for prebuild-front, continuing
7 info lifecycle capi@1.0.0~build-front: capi@1.0.0
8 verbose lifecycle capi@1.0.0~build-front: unsafe-perm in lifecycle true
9 verbose lifecycle capi@1.0.0~build-front: PATH: /home/user/.nvm/versions/node/v6.8.1/lib/node_modules/npm/bin/node-gyp-bin:/home/user/work/capi/node_modules/.bin:/home/user/.nvm/versions/node/v6.8.1/bin:/home/user/bin:/home/user/.local/bin:/usr/local/sbin:/usr/local/bin:/usr/sbin:/usr/bin:/sbin:/bin:/usr/games:/usr/local/games:/snap/bin
10 verbose lifecycle capi@1.0.0~build-front: CWD: /home/user/work/capi
11 silly lifecycle capi@1.0.0~build-front: Args: [ '-c',
11 silly lifecycle   './node_modules/webpack/bin/webpack.js --config webpack.config.js --progress --profile --colors' ]
12 silly lifecycle capi@1.0.0~build-front: Returned: code: 1  signal: null
13 info lifecycle capi@1.0.0~build-front: Failed to exec build-front script
14 verbose stack Error: capi@1.0.0 build-front: `./node_modules/webpack/bin/webpack.js --config webpack.config.js --progress --profile --colors`
14 verbose stack Exit status 1
14 verbose stack     at EventEmitter.<anonymous> (/home/user/.nvm/versions/node/v6.8.1/lib/node_modules/npm/lib/utils/lifecycle.js:232:16)
14 verbose stack     at emitTwo (events.js:106:13)
14 verbose stack     at EventEmitter.emit (events.js:191:7)
14 verbose stack     at ChildProcess.<anonymous> (/home/user/.nvm/versions/node/v6.8.1/lib/node_modules/npm/lib/utils/spawn.js:24:14)
14 verbose stack     at emitTwo (events.js:106:13)
14 verbose stack     at ChildProcess.emit (events.js:191:7)
14 verbose stack     at maybeClose (internal/child_process.js:877:16)
14 verbose stack     at Process.ChildProcess._handle.onexit (internal/child_process.js:226:5)
15 verbose pkgid capi@1.0.0
16 verbose cwd /home/user/work/capi/front
17 error Linux 4.8.0-54-generic
18 error argv "/home/user/.nvm/versions/node/v6.8.1/bin/node" "/home/user/.nvm/versions/node/v6.8.1/bin/npm" "run" "build-front"
19 error node v6.8.1
20 error npm  v3.3.12
21 error code ELIFECYCLE
22 error capi@1.0.0 build-front: `./node_modules/webpack/bin/webpack.js --config webpack.config.js --progress --profile --colors`
22 error Exit status 1
23 error Failed at the capi@1.0.0 build-front script './node_modules/webpack/bin/webpack.js --config webpack.config.js --progress --profile --colors'.
23 error Make sure you have the latest version of node.js and npm installed.
23 error If you do, this is most likely a problem with the capi package,
23 error not with npm itself.
23 error Tell the author that this fails on your system:
23 error     ./node_modules/webpack/bin/webpack.js --config webpack.config.js --progress --profile --colors
23 error You can get their info via:
23 error     npm owner ls capi
23 error There is likely additional logging output above.
24 verbose exit [ 1, true ]
